
Showing logs for build [32mcb-kubecd-environment-pr-158-11-hkq5f-1[0m stage [32mfrom-build-pack[0m and container [32mstep-credential-initializer-8xb6s[0m
{"level":"warn","ts":1581614886.0375175,"logger":"fallback-logger","caller":"logging/config.go:69","msg":"Fetch GitHub commit ID from kodata failed: \"ref: refs/heads/0.8.0-**-support-backwards-incompats\" is not a valid GitHub commit ID"}
{"level":"info","ts":1581614886.038531,"logger":"fallback-logger","caller":"creds-init/main.go:40","msg":"Credentials initialized."}

Showing logs for build [32mcb-kubecd-environment-pr-158-11-hkq5f-1[0m stage [32mfrom-build-pack[0m and container [32mstep-working-dir-initializer-5d47v[0m
{"level":"warn","ts":1581614887.1665998,"logger":"fallback-logger","caller":"logging/config.go:69","msg":"Fetch GitHub commit ID from kodata failed: open /var/run/ko/HEAD: no such file or directory"}
{"level":"info","ts":1581614887.168787,"logger":"fallback-logger","caller":"bash/main.go:64","msg":"Successfully executed command \"sh -c mkdir -p /workspace/source\"; output "}

Showing logs for build [32mcb-kubecd-environment-pr-158-11-hkq5f-1[0m stage [32mfrom-build-pack[0m and container [32mstep-place-tools[0m

Showing logs for build [32mcb-kubecd-environment-pr-158-11-hkq5f-1[0m stage [32mfrom-build-pack[0m and container [32mstep-git-source-cb-kubecd-environment-pr-158-11-hkq5f-qf5s5[0m
{"level":"warn","ts":1581614893.5639012,"logger":"fallback-logger","caller":"logging/config.go:69","msg":"Fetch GitHub commit ID from kodata failed: \"ref: refs/heads/0.8.0-**-support-backwards-incompats\" is not a valid GitHub commit ID"}
{"level":"info","ts":1581614894.6847122,"logger":"fallback-logger","caller":"git/git.go:103","msg":"Successfully cloned https://github.com/cb-kubecd/environment-pr-158-11-boot-gke-staging.git @ master in path /workspace/source"}

Showing logs for build [32mcb-kubecd-environment-pr-158-11-hkq5f-1[0m stage [32mfrom-build-pack[0m and container [32mstep-git-merge[0m
Using SHAs from PULL_REFS=master:d6bb624cca5413d4ed1fe21f88d7620a3f4ca1e7,7:0fc745c91c2a3b222a167d580110ad98409cf12c
DEBUG: LC_ALL=C JX_LOG_LEVEL=error git fetch origin --unshallow 0fc745c91c2a3b222a167d580110ad98409cf12c: d6bb624cca5413d4ed1fe21f88d7620a3f4ca1e7:
DEBUG: ran git fetch --unshallow origin 0fc745c91c2a3b222a167d580110ad98409cf12c: d6bb624cca5413d4ed1fe21f88d7620a3f4ca1e7: in 
DEBUG: LC_ALL=C JX_LOG_LEVEL=error git branch
DEBUG: LC_ALL=C JX_LOG_LEVEL=error git checkout master
DEBUG: ran git checkout master in 
DEBUG: LC_ALL=C JX_LOG_LEVEL=error git reset --hard d6bb624cca5413d4ed1fe21f88d7620a3f4ca1e7
DEBUG: ran git reset --hard d6bb624cca5413d4ed1fe21f88d7620a3f4ca1e7 in 
DEBUG: LC_ALL=C JX_LOG_LEVEL=error git clean -fd .
DEBUG: ran clean --force -d . in 
DEBUG: LC_ALL=C JX_LOG_LEVEL=error git merge 0fc745c91c2a3b222a167d580110ad98409cf12c
DEBUG: ran git merge 0fc745c91c2a3b222a167d580110ad98409cf12c in 
DEBUG: LC_ALL=C JX_LOG_LEVEL=error git log --format=%H%x1f%an%x1f%ae%x1f%cn%x1f%ce%x1f%s%n%b%x1e d6bb624cca5413d4ed1fe21f88d7620a3f4ca1e7..HEAD
Merged SHA 0fc745c91c2a3b222a167d580110ad98409cf12c with commit message 'chore: Promote bdd-nh-import-1581613564 to version 0.0.1' into base branch master

Showing logs for build [32mcb-kubecd-environment-pr-158-11-hkq5f-1[0m stage [32mfrom-build-pack[0m and container [32mstep-build-helm-build[0m
WARNING: No $CHART_REPOSITORY defined so using the default value of: http://jenkins-x-chartmuseum:8080
Adding missing Helm repo: storage.googleapis.com https://storage.googleapis.com/chartmuseum.jenkins-x.io
WARNING: No secrets found on "helm/repos" due: reading the secret "helm/repos" from vault: no secret "helm/repos" not found in vault
Read credentials for https://storage.googleapis.com/chartmuseum.jenkins-x.io from vault helm/repos
Successfully added Helm repository storage.googleapis.com.
Adding missing Helm repo: jenkins-x-chartmuseum http://jenkins-x-chartmuseum:8080
WARNING: No secrets found on "helm/repos" due: reading the secret "helm/repos" from vault: no secret "helm/repos" not found in vault
Read credentials for http://jenkins-x-chartmuseum:8080 from vault helm/repos
Successfully added Helm repository jenkins-x-chartmuseum.
WARNING: No $CHART_REPOSITORY defined so using the default value of: http://jenkins-x-chartmuseum:8080
Adding missing Helm repo: chartmuseum.jenkins-x.io http://chartmuseum.jenkins-x.io
WARNING: No secrets found on "helm/repos" due: reading the secret "helm/repos" from vault: no secret "helm/repos" not found in vault
Read credentials for http://chartmuseum.jenkins-x.io from vault helm/repos
Successfully added Helm repository chartmuseum.jenkins-x.io.
