
Showing logs for build [32mcb-kubecd-environment-pr-158-11-qxn9k-1[0m stage [32mfrom-build-pack[0m and container [32mstep-credential-initializer-k7hxl[0m
{"level":"warn","ts":1581610493.9794595,"logger":"fallback-logger","caller":"logging/config.go:69","msg":"Fetch GitHub commit ID from kodata failed: \"ref: refs/heads/0.8.0-**-support-backwards-incompats\" is not a valid GitHub commit ID"}
{"level":"info","ts":1581610493.9801013,"logger":"fallback-logger","caller":"creds-init/main.go:40","msg":"Credentials initialized."}

Showing logs for build [32mcb-kubecd-environment-pr-158-11-qxn9k-1[0m stage [32mfrom-build-pack[0m and container [32mstep-working-dir-initializer-7m9cp[0m
{"level":"warn","ts":1581610495.58947,"logger":"fallback-logger","caller":"logging/config.go:69","msg":"Fetch GitHub commit ID from kodata failed: open /var/run/ko/HEAD: no such file or directory"}
{"level":"info","ts":1581610495.5925639,"logger":"fallback-logger","caller":"bash/main.go:64","msg":"Successfully executed command \"sh -c mkdir -p /workspace/source\"; output "}

Showing logs for build [32mcb-kubecd-environment-pr-158-11-qxn9k-1[0m stage [32mfrom-build-pack[0m and container [32mstep-place-tools[0m

Showing logs for build [32mcb-kubecd-environment-pr-158-11-qxn9k-1[0m stage [32mfrom-build-pack[0m and container [32mstep-git-source-cb-kubecd-environment-pr-158-11-qxn9k-fk2cr[0m
{"level":"warn","ts":1581610501.523218,"logger":"fallback-logger","caller":"logging/config.go:69","msg":"Fetch GitHub commit ID from kodata failed: \"ref: refs/heads/0.8.0-**-support-backwards-incompats\" is not a valid GitHub commit ID"}
{"level":"info","ts":1581610502.6806204,"logger":"fallback-logger","caller":"git/git.go:103","msg":"Successfully cloned https://github.com/cb-kubecd/environment-pr-158-11-boot-gke-staging.git @ master in path /workspace/source"}

Showing logs for build [32mcb-kubecd-environment-pr-158-11-qxn9k-1[0m stage [32mfrom-build-pack[0m and container [32mstep-git-merge[0m
Using SHAs from PULL_REFS=master:6a15a2602a1d1e8afd2b0373d2016c4b7a207049,1:a6f3aafcd80c9e4385d3b354e4c1233935129b69
DEBUG: LC_ALL=C JX_LOG_LEVEL=error git fetch origin --unshallow a6f3aafcd80c9e4385d3b354e4c1233935129b69: 6a15a2602a1d1e8afd2b0373d2016c4b7a207049:
DEBUG: ran git fetch --unshallow origin a6f3aafcd80c9e4385d3b354e4c1233935129b69: 6a15a2602a1d1e8afd2b0373d2016c4b7a207049: in 
DEBUG: LC_ALL=C JX_LOG_LEVEL=error git branch
DEBUG: LC_ALL=C JX_LOG_LEVEL=error git checkout master
DEBUG: ran git checkout master in 
DEBUG: LC_ALL=C JX_LOG_LEVEL=error git reset --hard 6a15a2602a1d1e8afd2b0373d2016c4b7a207049
DEBUG: ran git reset --hard 6a15a2602a1d1e8afd2b0373d2016c4b7a207049 in 
DEBUG: JX_LOG_LEVEL=error LC_ALL=C git clean -fd .
DEBUG: ran clean --force -d . in 
DEBUG: LC_ALL=C JX_LOG_LEVEL=error git merge a6f3aafcd80c9e4385d3b354e4c1233935129b69
DEBUG: ran git merge a6f3aafcd80c9e4385d3b354e4c1233935129b69 in 
DEBUG: LC_ALL=C JX_LOG_LEVEL=error git log --format=%H%x1f%an%x1f%ae%x1f%cn%x1f%ce%x1f%s%n%b%x1e 6a15a2602a1d1e8afd2b0373d2016c4b7a207049..HEAD
Merged SHA a6f3aafcd80c9e4385d3b354e4c1233935129b69 with commit message 'chore: Promote bdd-spring-1581610098 to version 0.0.1' into base branch master

Showing logs for build [32mcb-kubecd-environment-pr-158-11-qxn9k-1[0m stage [32mfrom-build-pack[0m and container [32mstep-build-helm-build[0m
WARNING: No $CHART_REPOSITORY defined so using the default value of: http://jenkins-x-chartmuseum:8080
Adding missing Helm repo: storage.googleapis.com https://storage.googleapis.com/chartmuseum.jenkins-x.io
WARNING: No secrets found on "helm/repos" due: reading the secret "helm/repos" from vault: no secret "helm/repos" not found in vault
Read credentials for https://storage.googleapis.com/chartmuseum.jenkins-x.io from vault helm/repos
Successfully added Helm repository storage.googleapis.com.
Adding missing Helm repo: jenkins-x-chartmuseum http://jenkins-x-chartmuseum:8080
WARNING: No secrets found on "helm/repos" due: reading the secret "helm/repos" from vault: no secret "helm/repos" not found in vault
Read credentials for http://jenkins-x-chartmuseum:8080 from vault helm/repos
Successfully added Helm repository jenkins-x-chartmuseum.
WARNING: No $CHART_REPOSITORY defined so using the default value of: http://jenkins-x-chartmuseum:8080
Adding missing Helm repo: chartmuseum.jenkins-x.io http://chartmuseum.jenkins-x.io
WARNING: No secrets found on "helm/repos" due: reading the secret "helm/repos" from vault: no secret "helm/repos" not found in vault
Read credentials for http://chartmuseum.jenkins-x.io from vault helm/repos
Successfully added Helm repository chartmuseum.jenkins-x.io.
